<?xml version="1.0" encoding="UTF-8"?>
<!-- Generated by org.testng.reporters.JUnitXMLReporter -->
<testsuite ignored="0" hostname="DESKTOP-UHD7KKR" failures="0" tests="3" name="Lampenwelt regression test Cases" time="240.334" errors="0" timestamp="2021-04-21T08:15:07 CEST">
  <testcase classname="com.lampenwelt.qa.testcases.TC_01_01_UpdateCart" name="UpdateItemQty" time="74.678"/>
  <testcase classname="com.lampenwelt.qa.testcases.TC_01_02_RemoveCart" name="RemoveItemFromCart" time="74.853"/>
  <testcase classname="com.lampenwelt.qa.testcases.TC_01_03_AddCart" name="AddNewItemToCard" time="77.387"/>
</testsuite> <!-- Lampenwelt regression test Cases -->
