<?xml version="1.0" encoding="UTF-8"?>
<!-- Generated by org.testng.reporters.JUnitXMLReporter -->
<testsuite ignored="0" hostname="DESKTOP-UHD7KKR" failures="0" tests="3" name="Lampenwelt regression testcases" time="125.006" errors="0" timestamp="2021-04-18T12:05:48 CEST">
  <testcase classname="com.lampenwelt.qa.testcases.TC_01_01_UpdateProductQuantity" name="UpdateItemQty" time="25.543"/>
  <testcase classname="com.lampenwelt.qa.testcases.TC_01_02_RemoveProductFromCart" name="RemoveItemFromCart" time="30.072"/>
  <testcase classname="com.lampenwelt.qa.testcases.TC_01_03_AddNewProductToCart" name="AddNewItemToCard" time="41.438"/>
</testsuite> <!-- Lampenwelt regression testcases -->
