<?xml version="1.0" encoding="UTF-8"?>
<testng-results ignored="0" total="3" passed="3" failed="0" skipped="0">
  <reporter-output>
  </reporter-output>
  <suite started-at="2021-04-23T23:01:43 CEST" name="Lampenwelt regression suite" finished-at="2021-04-23T23:06:42 CEST" duration-ms="299052">
    <groups>
    </groups>
    <test started-at="2021-04-23T23:01:43 CEST" name="Lampenwelt regression test Cases" finished-at="2021-04-23T23:06:42 CEST" duration-ms="299052">
      <class name="com.lampenwelt.qa.testcases.TC_01_01_UpdateCart">
        <test-method is-config="true" signature="setUp()[pri:0, instance:com.lampenwelt.qa.testcases.TC_01_01_UpdateCart@36d585c]" started-at="2021-04-23T23:01:44 CEST" name="setUp" finished-at="2021-04-23T23:01:53 CEST" duration-ms="9322" status="PASS">
          <reporter-output>
          </reporter-output>
        </test-method> <!-- setUp -->
        <test-method signature="UpdateItemQty(java.lang.String,java.lang.String,java.lang.String,java.lang.String,java.lang.String,java.lang.String,java.lang.String,java.lang.String,java.lang.String,java.lang.String,java.lang.String,java.lang.String,java.lang.String,java.lang.String,java.lang.String,java.lang.String,java.lang.String)[pri:1, instance:com.lampenwelt.qa.testcases.TC_01_01_UpdateCart@36d585c]" started-at="2021-04-23T23:01:53 CEST" name="UpdateItemQty" data-provider="getArticleTestData" finished-at="2021-04-23T23:03:16 CEST" duration-ms="82766" status="PASS">
          <params>
            <param index="0">
              <value>
                <![CDATA[Lampen & Leuchten für Ihr Zuhause | Lampenwelt.de]]>
              </value>
            </param>
            <param index="1">
              <value>
                <![CDATA[9620775]]>
              </value>
            </param>
            <param index="2">
              <value>
                <![CDATA[Wandlampe Michalina im klassischen Stil]]>
              </value>
            </param>
            <param index="3">
              <value>
                <![CDATA[9616007]]>
              </value>
            </param>
            <param index="4">
              <value>
                <![CDATA[LED-Außenwandleuchte Jarno, grafit]]>
              </value>
            </param>
            <param index="5">
              <value>
                <![CDATA[1510457]]>
              </value>
            </param>
            <param index="6">
              <value>
                <![CDATA[LED-Deckenlampe 3228-018 dimmbar per Wandschalter]]>
              </value>
            </param>
            <param index="7">
              <value>
                <![CDATA[3]]>
              </value>
            </param>
            <param index="8">
              <value>
                <![CDATA[26,90 €]]>
              </value>
            </param>
            <param index="9">
              <value>
                <![CDATA[191,70 €]]>
              </value>
            </param>
            <param index="10">
              <value>
                <![CDATA[0,00 €]]>
              </value>
            </param>
            <param index="11">
              <value>
                <![CDATA[191,70 €]]>
              </value>
            </param>
            <param index="12">
              <value>
                <![CDATA[2]]>
              </value>
            </param>
            <param index="13">
              <value>
                <![CDATA[53,80 €]]>
              </value>
            </param>
            <param index="14">
              <value>
                <![CDATA[218,60 €]]>
              </value>
            </param>
            <param index="15">
              <value>
                <![CDATA[0,00 €]]>
              </value>
            </param>
            <param index="16">
              <value>
                <![CDATA[218,60 €]]>
              </value>
            </param>
          </params>
          <reporter-output>
          </reporter-output>
        </test-method> <!-- UpdateItemQty -->
        <test-method is-config="true" signature="tearDown()[pri:0, instance:com.lampenwelt.qa.testcases.TC_01_01_UpdateCart@36d585c]" started-at="2021-04-23T23:03:16 CEST" name="tearDown" finished-at="2021-04-23T23:03:18 CEST" duration-ms="2310" status="PASS">
          <reporter-output>
          </reporter-output>
        </test-method> <!-- tearDown -->
      </class> <!-- com.lampenwelt.qa.testcases.TC_01_01_UpdateCart -->
      <class name="com.lampenwelt.qa.testcases.TC_01_03_AddCart">
        <test-method is-config="true" signature="setUp()[pri:0, instance:com.lampenwelt.qa.testcases.TC_01_03_AddCart@61386958]" started-at="2021-04-23T23:04:54 CEST" name="setUp" finished-at="2021-04-23T23:05:01 CEST" duration-ms="6780" status="PASS">
          <reporter-output>
          </reporter-output>
        </test-method> <!-- setUp -->
        <test-method signature="AddNewItemToCard(java.lang.String,java.lang.String,java.lang.String,java.lang.String,java.lang.String,java.lang.String,java.lang.String,java.lang.String,java.lang.String,java.lang.String,java.lang.String,java.lang.String,java.lang.String,java.lang.String,java.lang.String,java.lang.String,java.lang.String)[pri:1, instance:com.lampenwelt.qa.testcases.TC_01_03_AddCart@61386958]" started-at="2021-04-23T23:05:01 CEST" name="AddNewItemToCard" data-provider="getArticleTestData" finished-at="2021-04-23T23:06:39 CEST" duration-ms="98258" status="PASS">
          <params>
            <param index="0">
              <value>
                <![CDATA[Lampen & Leuchten für Ihr Zuhause | Lampenwelt.de]]>
              </value>
            </param>
            <param index="1">
              <value>
                <![CDATA[9620775]]>
              </value>
            </param>
            <param index="2">
              <value>
                <![CDATA[Wandlampe Michalina im klassischen Stil]]>
              </value>
            </param>
            <param index="3">
              <value>
                <![CDATA[9616007]]>
              </value>
            </param>
            <param index="4">
              <value>
                <![CDATA[LED-Außenwandleuchte Jarno, grafit]]>
              </value>
            </param>
            <param index="5">
              <value>
                <![CDATA[1510457]]>
              </value>
            </param>
            <param index="6">
              <value>
                <![CDATA[LED-Deckenlampe 3228-018 dimmbar per Wandschalter]]>
              </value>
            </param>
            <param index="7">
              <value>
                <![CDATA[9956007]]>
              </value>
            </param>
            <param index="8">
              <value>
                <![CDATA[Lindby Livel LED-Panel, CCT, 62 cm x 62 cm]]>
              </value>
            </param>
            <param index="9">
              <value>
                <![CDATA[3]]>
              </value>
            </param>
            <param index="10">
              <value>
                <![CDATA[4]]>
              </value>
            </param>
            <param index="11">
              <value>
                <![CDATA[191,70 €]]>
              </value>
            </param>
            <param index="12">
              <value>
                <![CDATA[0,00 €]]>
              </value>
            </param>
            <param index="13">
              <value>
                <![CDATA[191,70 €]]>
              </value>
            </param>
            <param index="14">
              <value>
                <![CDATA[301,60 €]]>
              </value>
            </param>
            <param index="15">
              <value>
                <![CDATA[0,00 €]]>
              </value>
            </param>
            <param index="16">
              <value>
                <![CDATA[301,60 €]]>
              </value>
            </param>
          </params>
          <reporter-output>
          </reporter-output>
        </test-method> <!-- AddNewItemToCard -->
        <test-method is-config="true" signature="tearDown()[pri:0, instance:com.lampenwelt.qa.testcases.TC_01_03_AddCart@61386958]" started-at="2021-04-23T23:06:39 CEST" name="tearDown" finished-at="2021-04-23T23:06:42 CEST" duration-ms="2787" status="PASS">
          <reporter-output>
          </reporter-output>
        </test-method> <!-- tearDown -->
      </class> <!-- com.lampenwelt.qa.testcases.TC_01_03_AddCart -->
      <class name="com.lampenwelt.qa.testcases.TC_01_02_RemoveCart">
        <test-method is-config="true" signature="setUp()[pri:0, instance:com.lampenwelt.qa.testcases.TC_01_02_RemoveCart@2e222612]" started-at="2021-04-23T23:03:18 CEST" name="setUp" finished-at="2021-04-23T23:03:25 CEST" duration-ms="7184" status="PASS">
          <reporter-output>
          </reporter-output>
        </test-method> <!-- setUp -->
        <test-method signature="RemoveItemFromCart(java.lang.String,java.lang.String,java.lang.String,java.lang.String,java.lang.String,java.lang.String,java.lang.String,java.lang.String,java.lang.String,java.lang.String,java.lang.String,java.lang.String,java.lang.String,java.lang.String)[pri:1, instance:com.lampenwelt.qa.testcases.TC_01_02_RemoveCart@2e222612]" started-at="2021-04-23T23:03:25 CEST" name="RemoveItemFromCart" data-provider="getArticleTestData" finished-at="2021-04-23T23:04:51 CEST" duration-ms="85513" status="PASS">
          <params>
            <param index="0">
              <value>
                <![CDATA[Lampen & Leuchten für Ihr Zuhause | Lampenwelt.de]]>
              </value>
            </param>
            <param index="1">
              <value>
                <![CDATA[9620775]]>
              </value>
            </param>
            <param index="2">
              <value>
                <![CDATA[Wandlampe Michalina im klassischen Stil]]>
              </value>
            </param>
            <param index="3">
              <value>
                <![CDATA[9616007]]>
              </value>
            </param>
            <param index="4">
              <value>
                <![CDATA[LED-Außenwandleuchte Jarno, grafit]]>
              </value>
            </param>
            <param index="5">
              <value>
                <![CDATA[1510457]]>
              </value>
            </param>
            <param index="6">
              <value>
                <![CDATA[LED-Deckenlampe 3228-018 dimmbar per Wandschalter]]>
              </value>
            </param>
            <param index="7">
              <value>
                <![CDATA[3]]>
              </value>
            </param>
            <param index="8">
              <value>
                <![CDATA[191,70 €]]>
              </value>
            </param>
            <param index="9">
              <value>
                <![CDATA[0,00 €]]>
              </value>
            </param>
            <param index="10">
              <value>
                <![CDATA[191,70 €]]>
              </value>
            </param>
            <param index="11">
              <value>
                <![CDATA[164,80 €]]>
              </value>
            </param>
            <param index="12">
              <value>
                <![CDATA[0,00 €]]>
              </value>
            </param>
            <param index="13">
              <value>
                <![CDATA[164,80 €]]>
              </value>
            </param>
          </params>
          <reporter-output>
          </reporter-output>
        </test-method> <!-- RemoveItemFromCart -->
        <test-method is-config="true" signature="tearDown()[pri:0, instance:com.lampenwelt.qa.testcases.TC_01_02_RemoveCart@2e222612]" started-at="2021-04-23T23:04:51 CEST" name="tearDown" finished-at="2021-04-23T23:04:54 CEST" duration-ms="3395" status="PASS">
          <reporter-output>
          </reporter-output>
        </test-method> <!-- tearDown -->
      </class> <!-- com.lampenwelt.qa.testcases.TC_01_02_RemoveCart -->
    </test> <!-- Lampenwelt regression test Cases -->
  </suite> <!-- Lampenwelt regression suite -->
</testng-results>
