<?xml version="1.0" encoding="UTF-8"?>
<testsuite xmlns:xsi="http://www.w3.org/2001/XMLSchema-instance" xsi:noNamespaceSchemaLocation="https://maven.apache.org/surefire/maven-surefire-plugin/xsd/surefire-test-report.xsd" name="TestSuite" time="300.194" tests="3" errors="0" skipped="0" failures="0">
  <properties>
[...]
</properties>
  <testcase name="UpdateItemQty" classname="com.lampenwelt.qa.testcases.TC_01_01_UpdateCart" time="82.776"/>
  <testcase name="RemoveItemFromCart" classname="com.lampenwelt.qa.testcases.TC_01_02_RemoveCart" time="85.523"/>
  <testcase name="AddNewItemToCard" classname="com.lampenwelt.qa.testcases.TC_01_03_AddCart" time="98.262"/>
</testsuite>