<?xml version="1.0" encoding="UTF-8"?>
<!-- Generated by org.testng.reporters.JUnitXMLReporter -->
<testsuite ignored="0" hostname="DESKTOP-UHD7KKR" failures="0" tests="3" name="Lampenwelt regression test Cases" time="299.052" errors="0" timestamp="2021-04-23T23:06:42 CEST">
  <testcase classname="com.lampenwelt.qa.testcases.TC_01_01_UpdateCart" name="UpdateItemQty" time="82.766"/>
  <testcase classname="com.lampenwelt.qa.testcases.TC_01_02_RemoveCart" name="RemoveItemFromCart" time="85.513"/>
  <testcase classname="com.lampenwelt.qa.testcases.TC_01_03_AddCart" name="AddNewItemToCard" time="98.258"/>
</testsuite> <!-- Lampenwelt regression test Cases -->
