<?xml version="1.0" encoding="UTF-8"?>
<testng-results ignored="0" total="1" passed="1" failed="0" skipped="0">
  <reporter-output>
  </reporter-output>
  <suite started-at="2021-04-22T17:05:48 CEST" name="Default suite" finished-at="2021-04-22T17:07:17 CEST" duration-ms="89136">
    <groups>
    </groups>
    <test started-at="2021-04-22T17:05:48 CEST" name="Default test" finished-at="2021-04-22T17:07:17 CEST" duration-ms="89136">
      <class name="com.lampenwelt.qa.testcases.TC_01_01_UpdateCart">
        <test-method is-config="true" signature="setUp()[pri:0, instance:com.lampenwelt.qa.testcases.TC_01_01_UpdateCart@6f46426d]" started-at="2021-04-22T17:05:48 CEST" name="setUp" finished-at="2021-04-22T17:05:54 CEST" duration-ms="5431" status="PASS">
          <reporter-output>
          </reporter-output>
        </test-method> <!-- setUp -->
        <test-method signature="UpdateItemQty(java.lang.String,java.lang.String,java.lang.String,java.lang.String,java.lang.String,java.lang.String,java.lang.String,java.lang.String,java.lang.String,java.lang.String,java.lang.String,java.lang.String,java.lang.String,java.lang.String,java.lang.String,java.lang.String,java.lang.String)[pri:1, instance:com.lampenwelt.qa.testcases.TC_01_01_UpdateCart@6f46426d]" started-at="2021-04-22T17:05:54 CEST" name="UpdateItemQty" data-provider="getArticleTestData" finished-at="2021-04-22T17:07:16 CEST" duration-ms="81846" status="PASS">
          <params>
            <param index="0">
              <value>
                <![CDATA[Lampen & Leuchten für Ihr Zuhause | Lampenwelt.de]]>
              </value>
            </param>
            <param index="1">
              <value>
                <![CDATA[9620775]]>
              </value>
            </param>
            <param index="2">
              <value>
                <![CDATA[Wandlampe Michalina im klassischen Stil]]>
              </value>
            </param>
            <param index="3">
              <value>
                <![CDATA[9616007]]>
              </value>
            </param>
            <param index="4">
              <value>
                <![CDATA[LED-Außenwandleuchte Jarno, grafit]]>
              </value>
            </param>
            <param index="5">
              <value>
                <![CDATA[1510457]]>
              </value>
            </param>
            <param index="6">
              <value>
                <![CDATA[LED-Deckenlampe 3228-018 dimmbar per Wandschalter]]>
              </value>
            </param>
            <param index="7">
              <value>
                <![CDATA[3]]>
              </value>
            </param>
            <param index="8">
              <value>
                <![CDATA[26,90 €]]>
              </value>
            </param>
            <param index="9">
              <value>
                <![CDATA[191,70 €]]>
              </value>
            </param>
            <param index="10">
              <value>
                <![CDATA[0,00 €]]>
              </value>
            </param>
            <param index="11">
              <value>
                <![CDATA[191,70 €]]>
              </value>
            </param>
            <param index="12">
              <value>
                <![CDATA[2]]>
              </value>
            </param>
            <param index="13">
              <value>
                <![CDATA[53,80 €]]>
              </value>
            </param>
            <param index="14">
              <value>
                <![CDATA[218,60 €]]>
              </value>
            </param>
            <param index="15">
              <value>
                <![CDATA[0,00 €]]>
              </value>
            </param>
            <param index="16">
              <value>
                <![CDATA[218,60 €]]>
              </value>
            </param>
          </params>
          <reporter-output>
          </reporter-output>
        </test-method> <!-- UpdateItemQty -->
        <test-method is-config="true" signature="tearDown()[pri:0, instance:com.lampenwelt.qa.testcases.TC_01_01_UpdateCart@6f46426d]" started-at="2021-04-22T17:07:16 CEST" name="tearDown" finished-at="2021-04-22T17:07:17 CEST" duration-ms="1286" status="PASS">
          <reporter-output>
          </reporter-output>
        </test-method> <!-- tearDown -->
      </class> <!-- com.lampenwelt.qa.testcases.TC_01_01_UpdateCart -->
    </test> <!-- Default test -->
  </suite> <!-- Default suite -->
</testng-results>
